<?xml version="1.0" encoding="UTF-8"?>
<!-- Generated by org.testng.reporters.JUnitReportReporter -->
<testsuite hostname="Praful" failures="0" tests="3" name="Runner.RunnerTest" time="3.510" errors="0" timestamp="2025-01-14T09:04:01 IST" skipped="0">
  <testcase classname="Runner.RunnerTest" name="runScenario" time="0.116"/>
  <system-out/>
  <testcase classname="Runner.RunnerTest" name="runScenario" time="3.265"/>
  <system-out/>
  <testcase classname="Runner.RunnerTest" name="runScenario" time="0.129"/>
  <system-out/>
</testsuite> <!-- Runner.RunnerTest -->
